24-Jun-2022 18:19:16.375 INFO [main] org.apache.catalina.startup.VersionLoggerListener.log 서버 버전 이름:    Apache Tomcat/10.0.22
24-Jun-2022 18:19:16.379 INFO [main] org.apache.catalina.startup.VersionLoggerListener.log Server 빌드 시각:  Jun 2 2022 16:53:56 UTC
24-Jun-2022 18:19:16.381 INFO [main] org.apache.catalina.startup.VersionLoggerListener.log Server 버전 번호:  10.0.22.0
24-Jun-2022 18:19:16.382 INFO [main] org.apache.catalina.startup.VersionLoggerListener.log 운영체제 이름:     Windows 10
24-Jun-2022 18:19:16.382 INFO [main] org.apache.catalina.startup.VersionLoggerListener.log 운영체제 버전:     10.0
24-Jun-2022 18:19:16.382 INFO [main] org.apache.catalina.startup.VersionLoggerListener.log 아키텍처:          amd64
24-Jun-2022 18:19:16.382 INFO [main] org.apache.catalina.startup.VersionLoggerListener.log 자바 홈:           C:\Program Files\Java\jdk-11.0.15.1
24-Jun-2022 18:19:16.382 INFO [main] org.apache.catalina.startup.VersionLoggerListener.log JVM 버전:          11.0.15.1+2-LTS-10
24-Jun-2022 18:19:16.383 INFO [main] org.apache.catalina.startup.VersionLoggerListener.log JVM 벤더:          Oracle Corporation
24-Jun-2022 18:19:16.383 INFO [main] org.apache.catalina.startup.VersionLoggerListener.log CATALINA_BASE:     D:\code_java\JSP_board\apache-tomcat-10.0.22
24-Jun-2022 18:19:16.383 INFO [main] org.apache.catalina.startup.VersionLoggerListener.log CATALINA_HOME:     D:\code_java\JSP_board\apache-tomcat-10.0.22
24-Jun-2022 18:19:16.398 INFO [main] org.apache.catalina.startup.VersionLoggerListener.log 명령 행 아규먼트:  --add-opens=java.base/java.lang=ALL-UNNAMED
24-Jun-2022 18:19:16.398 INFO [main] org.apache.catalina.startup.VersionLoggerListener.log 명령 행 아규먼트:  --add-opens=java.base/java.io=ALL-UNNAMED
24-Jun-2022 18:19:16.399 INFO [main] org.apache.catalina.startup.VersionLoggerListener.log 명령 행 아규먼트:  --add-opens=java.base/java.util=ALL-UNNAMED
24-Jun-2022 18:19:16.399 INFO [main] org.apache.catalina.startup.VersionLoggerListener.log 명령 행 아규먼트:  --add-opens=java.base/java.util.concurrent=ALL-UNNAMED
24-Jun-2022 18:19:16.399 INFO [main] org.apache.catalina.startup.VersionLoggerListener.log 명령 행 아규먼트:  --add-opens=java.rmi/sun.rmi.transport=ALL-UNNAMED
24-Jun-2022 18:19:16.400 INFO [main] org.apache.catalina.startup.VersionLoggerListener.log 명령 행 아규먼트:  -Djava.util.logging.config.file=D:\code_java\JSP_board\apache-tomcat-10.0.22\conf\logging.properties
24-Jun-2022 18:19:16.400 INFO [main] org.apache.catalina.startup.VersionLoggerListener.log 명령 행 아규먼트:  -Djava.util.logging.manager=org.apache.juli.ClassLoaderLogManager
24-Jun-2022 18:19:16.401 INFO [main] org.apache.catalina.startup.VersionLoggerListener.log 명령 행 아규먼트:  -Djdk.tls.ephemeralDHKeySize=2048
24-Jun-2022 18:19:16.401 INFO [main] org.apache.catalina.startup.VersionLoggerListener.log 명령 행 아규먼트:  -Djava.protocol.handler.pkgs=org.apache.catalina.webresources
24-Jun-2022 18:19:16.401 INFO [main] org.apache.catalina.startup.VersionLoggerListener.log 명령 행 아규먼트:  -Dignore.endorsed.dirs=
24-Jun-2022 18:19:16.402 INFO [main] org.apache.catalina.startup.VersionLoggerListener.log 명령 행 아규먼트:  -Dcatalina.base=D:\code_java\JSP_board\apache-tomcat-10.0.22
24-Jun-2022 18:19:16.402 INFO [main] org.apache.catalina.startup.VersionLoggerListener.log 명령 행 아규먼트:  -Dcatalina.home=D:\code_java\JSP_board\apache-tomcat-10.0.22
24-Jun-2022 18:19:16.403 INFO [main] org.apache.catalina.startup.VersionLoggerListener.log 명령 행 아규먼트:  -Djava.io.tmpdir=D:\code_java\JSP_board\apache-tomcat-10.0.22\temp
24-Jun-2022 18:19:16.428 INFO [main] org.apache.catalina.core.AprLifecycleListener.lifecycleEvent APR 버전 [1.7.0]을(를) 사용한, APR 기반 Apache Tomcat Native 라이브러리 [1.2.33]을(를) 로드했습니다.
24-Jun-2022 18:19:16.428 INFO [main] org.apache.catalina.core.AprLifecycleListener.lifecycleEvent APR 용량정보들: IPv6 [true], sendfile [true], accept filters [false], random [true], UDS [true].
24-Jun-2022 18:19:16.434 INFO [main] org.apache.catalina.core.AprLifecycleListener.initializeSSL OpenSSL이 성공적으로 초기화되었습니다: [OpenSSL 1.1.1o  3 May 2022]
24-Jun-2022 18:19:16.736 INFO [main] org.apache.coyote.AbstractProtocol.init 프로토콜 핸들러 ["http-nio-8080"]을(를) 초기화합니다.
24-Jun-2022 18:19:16.768 INFO [main] org.apache.catalina.startup.Catalina.load [600] 밀리초 내에 서버가 초기화되었습니다.
24-Jun-2022 18:19:16.837 INFO [main] org.apache.catalina.core.StandardService.startInternal 서비스 [Catalina]을(를) 시작합니다.
24-Jun-2022 18:19:16.838 INFO [main] org.apache.catalina.core.StandardEngine.startInternal 서버 엔진을 시작합니다: [Apache Tomcat/10.0.22]
24-Jun-2022 18:19:16.850 INFO [main] org.apache.catalina.startup.HostConfig.deployDirectory 웹 애플리케이션 디렉토리 [D:\code_java\JSP_board\apache-tomcat-10.0.22\webapps\docs]을(를) 배치합니다.
24-Jun-2022 18:19:17.516 WARNING [main] org.apache.catalina.util.SessionIdGeneratorBase.createSecureRandom [SHA1PRNG] 알고리즘을 사용하여, 세션 ID를 생성하기 위한 SecureRandom 객체를 생성하는데, [323] 밀리초가 소요됐습니다.
24-Jun-2022 18:19:17.543 INFO [main] org.apache.catalina.startup.HostConfig.deployDirectory 웹 애플리케이션 디렉토리 [D:\code_java\JSP_board\apache-tomcat-10.0.22\webapps\docs]에 대한 배치가 [693] 밀리초에 완료되었습니다.
24-Jun-2022 18:19:17.544 INFO [main] org.apache.catalina.startup.HostConfig.deployDirectory 웹 애플리케이션 디렉토리 [D:\code_java\JSP_board\apache-tomcat-10.0.22\webapps\examples]을(를) 배치합니다.
24-Jun-2022 18:19:17.808 INFO [main] org.apache.catalina.startup.HostConfig.deployDirectory 웹 애플리케이션 디렉토리 [D:\code_java\JSP_board\apache-tomcat-10.0.22\webapps\examples]에 대한 배치가 [264] 밀리초에 완료되었습니다.
24-Jun-2022 18:19:17.809 INFO [main] org.apache.catalina.startup.HostConfig.deployDirectory 웹 애플리케이션 디렉토리 [D:\code_java\JSP_board\apache-tomcat-10.0.22\webapps\host-manager]을(를) 배치합니다.
24-Jun-2022 18:19:17.843 INFO [main] org.apache.catalina.startup.HostConfig.deployDirectory 웹 애플리케이션 디렉토리 [D:\code_java\JSP_board\apache-tomcat-10.0.22\webapps\host-manager]에 대한 배치가 [34] 밀리초에 완료되었습니다.
24-Jun-2022 18:19:17.843 INFO [main] org.apache.catalina.startup.HostConfig.deployDirectory 웹 애플리케이션 디렉토리 [D:\code_java\JSP_board\apache-tomcat-10.0.22\webapps\manager]을(를) 배치합니다.
24-Jun-2022 18:19:17.870 INFO [main] org.apache.catalina.startup.HostConfig.deployDirectory 웹 애플리케이션 디렉토리 [D:\code_java\JSP_board\apache-tomcat-10.0.22\webapps\manager]에 대한 배치가 [27] 밀리초에 완료되었습니다.
24-Jun-2022 18:19:17.870 INFO [main] org.apache.catalina.startup.HostConfig.deployDirectory 웹 애플리케이션 디렉토리 [D:\code_java\JSP_board\apache-tomcat-10.0.22\webapps\ROOT]을(를) 배치합니다.
24-Jun-2022 18:19:17.893 INFO [main] org.apache.catalina.startup.HostConfig.deployDirectory 웹 애플리케이션 디렉토리 [D:\code_java\JSP_board\apache-tomcat-10.0.22\webapps\ROOT]에 대한 배치가 [23] 밀리초에 완료되었습니다.
24-Jun-2022 18:19:17.898 INFO [main] org.apache.coyote.AbstractProtocol.start 프로토콜 핸들러 ["http-nio-8080"]을(를) 시작합니다.
24-Jun-2022 18:19:18.212 INFO [main] org.apache.catalina.startup.Catalina.start 서버가 [1442] 밀리초 내에 시작되었습니다.
